build/app/intermediates/manifest_merge_blame_file/release/manifest-merger-blame-release-report.txt
1<?xml version="1.0" encoding="utf-8"?>
2<manifest xmlns:android="http://schemas.android.com/apk/res/android"
3    package="com.example.jsk"
4    android:versionCode="1"
5    android:versionName="1.0.0" >
6
7    <uses-sdk
8        android:minSdkVersion="16"
8-->src/main/AndroidManifest.xml
9        android:targetSdkVersion="28" />
9-->src/main/AndroidManifest.xml
10    <!--
11     io.flutter.app.FlutterApplication is an android.app.Application that
12         calls FlutterMain.startInitialization(this); in its onCreate method.
13         In most cases you can leave this as-is, but you if you want to provide
14         additional functionality it is fine to subclass or reimplement
15         FlutterApplication and put your custom class here.
16    -->
17    <application
17-->src/main/AndroidManifest.xml:8:5-46:19
18        android:name="io.flutter.app.FlutterApplication"
18-->src/main/AndroidManifest.xml:9:9-57
19        android:appComponentFactory="androidx.core.app.CoreComponentFactory"
19-->[androidx.core:core:1.1.0] AndroidManifest.xml:24:18-86
20        android:icon="@mipmap/ic_launcher"
20-->src/main/AndroidManifest.xml:11:9-43
21        android:label="jsk" >
21-->src/main/AndroidManifest.xml:10:9-28
22        <activity
22-->src/main/AndroidManifest.xml:12:9-40:20
23            android:name="com.example.jsk.MainActivity"
23-->src/main/AndroidManifest.xml:13:13-41
24            android:configChanges="orientation|keyboardHidden|keyboard|screenSize|smallestScreenSize|locale|layoutDirection|fontScale|screenLayout|density|uiMode"
24-->src/main/AndroidManifest.xml:16:13-163
25            android:hardwareAccelerated="true"
25-->src/main/AndroidManifest.xml:17:13-47
26            android:launchMode="singleTop"
26-->src/main/AndroidManifest.xml:14:13-43
27            android:theme="@style/LaunchTheme"
27-->src/main/AndroidManifest.xml:15:13-47
28            android:windowSoftInputMode="adjustResize" >
28-->src/main/AndroidManifest.xml:18:13-55
29
30            <!--
31                 Specifies an Android theme to apply to this Activity as soon as
32                 the Android process has started. This theme is visible to the user
33                 while the Flutter UI initializes. After that, this theme continues
34                 to determine the Window background behind the Flutter UI.
35            -->
36            <meta-data
36-->src/main/AndroidManifest.xml:23:13-26:17
37                android:name="io.flutter.embedding.android.NormalTheme"
37-->src/main/AndroidManifest.xml:24:15-70
38                android:resource="@style/NormalTheme" />
38-->src/main/AndroidManifest.xml:25:15-52
39            <!--
40                 Displays an Android View that continues showing the launch screen
41                 Drawable until Flutter paints its first frame, then this splash
42                 screen fades out. A splash screen is useful to avoid any visual
43                 gap between the end of Android's launch screen and the painting of
44                 Flutter's first frame.
45            -->
46            <meta-data
46-->src/main/AndroidManifest.xml:32:13-35:17
47                android:name="io.flutter.embedding.android.SplashScreenDrawable"
47-->src/main/AndroidManifest.xml:33:15-79
48                android:resource="@drawable/launch_background" />
48-->src/main/AndroidManifest.xml:34:15-61
49
50            <intent-filter>
50-->src/main/AndroidManifest.xml:36:13-39:29
51                <action android:name="android.intent.action.MAIN" />
51-->src/main/AndroidManifest.xml:37:17-68
51-->src/main/AndroidManifest.xml:37:25-66
52
53                <category android:name="android.intent.category.LAUNCHER" />
53-->src/main/AndroidManifest.xml:38:17-76
53-->src/main/AndroidManifest.xml:38:27-74
54            </intent-filter>
55        </activity>
56        <!--
57             Don't delete the meta-data below.
58             This is used by the Flutter tool to generate GeneratedPluginRegistrant.java
59        -->
60        <meta-data
60-->src/main/AndroidManifest.xml:43:9-45:33
61            android:name="flutterEmbedding"
61-->src/main/AndroidManifest.xml:44:13-44
62            android:value="2" />
62-->src/main/AndroidManifest.xml:45:13-30
63
64        <service
64-->[:firebase_auth] AndroidManifest.xml:8:9-12:19
65            android:name="com.google.firebase.components.ComponentDiscoveryService"
65-->[:firebase_auth] AndroidManifest.xml:8:18-89
66            android:exported="false" >
66-->[com.google.firebase:firebase-auth:17.0.0] AndroidManifest.xml:35:13-37
67            <meta-data
67-->[:firebase_auth] AndroidManifest.xml:9:13-11:85
68                android:name="com.google.firebase.components:io.flutter.plugins.firebaseauth.FlutterFirebaseAppRegistrar"
68-->[:firebase_auth] AndroidManifest.xml:10:17-122
69                android:value="com.google.firebase.components.ComponentRegistrar" />
69-->[:firebase_auth] AndroidManifest.xml:11:17-82
70            <meta-data
70-->[:firebase_core] AndroidManifest.xml:9:13-11:85
71                android:name="com.google.firebase.components:io.flutter.plugins.firebase.core.FlutterFirebaseAppRegistrar"
71-->[:firebase_core] AndroidManifest.xml:10:17-123
72                android:value="com.google.firebase.components.ComponentRegistrar" />
72-->[:firebase_core] AndroidManifest.xml:11:17-82
73            <meta-data
73-->[com.google.firebase:firebase-auth:17.0.0] AndroidManifest.xml:36:13-38:85
74                android:name="com.google.firebase.components:com.google.firebase.auth.FirebaseAuthRegistrar"
74-->[com.google.firebase:firebase-auth:17.0.0] AndroidManifest.xml:37:17-109
75                android:value="com.google.firebase.components.ComponentRegistrar" />
75-->[com.google.firebase:firebase-auth:17.0.0] AndroidManifest.xml:38:17-82
76        </service>
77
78        <activity
78-->[com.google.firebase:firebase-auth:17.0.0] AndroidManifest.xml:24:9-31:50
79            android:name="com.google.firebase.auth.internal.FederatedSignInActivity"
79-->[com.google.firebase:firebase-auth:17.0.0] AndroidManifest.xml:25:13-85
80            android:excludeFromRecents="true"
80-->[com.google.firebase:firebase-auth:17.0.0] AndroidManifest.xml:26:13-46
81            android:exported="true"
81-->[com.google.firebase:firebase-auth:17.0.0] AndroidManifest.xml:27:13-36
82            android:launchMode="singleTask"
82-->[com.google.firebase:firebase-auth:17.0.0] AndroidManifest.xml:28:13-44
83            android:permission="com.google.firebase.auth.api.gms.permission.LAUNCH_FEDERATED_SIGN_IN"
83-->[com.google.firebase:firebase-auth:17.0.0] AndroidManifest.xml:29:13-102
84            android:theme="@android:style/Theme.Translucent.NoTitleBar" />
84-->[com.google.firebase:firebase-auth:17.0.0] AndroidManifest.xml:30:13-72
85
86        <provider
86-->[com.google.firebase:firebase-common:17.0.0] AndroidManifest.xml:12:9-16:39
87            android:name="com.google.firebase.provider.FirebaseInitProvider"
87-->[com.google.firebase:firebase-common:17.0.0] AndroidManifest.xml:13:13-77
88            android:authorities="com.example.jsk.firebaseinitprovider"
88-->[com.google.firebase:firebase-common:17.0.0] AndroidManifest.xml:14:13-72
89            android:exported="false"
89-->[com.google.firebase:firebase-common:17.0.0] AndroidManifest.xml:15:13-37
90            android:initOrder="100" />
90-->[com.google.firebase:firebase-common:17.0.0] AndroidManifest.xml:16:13-36
91
92        <activity
92-->[com.google.android.gms:play-services-base:16.0.1] AndroidManifest.xml:23:9-26:75
93            android:name="com.google.android.gms.common.api.GoogleApiActivity"
93-->[com.google.android.gms:play-services-base:16.0.1] AndroidManifest.xml:24:13-79
94            android:exported="false"
94-->[com.google.android.gms:play-services-base:16.0.1] AndroidManifest.xml:25:13-37
95            android:theme="@android:style/Theme.Translucent.NoTitleBar" />
95-->[com.google.android.gms:play-services-base:16.0.1] AndroidManifest.xml:26:13-72
96
97        <meta-data
97-->[com.google.android.gms:play-services-basement:16.1.0] AndroidManifest.xml:23:9-25:69
98            android:name="com.google.android.gms.version"
98-->[com.google.android.gms:play-services-basement:16.1.0] AndroidManifest.xml:24:13-58
99            android:value="@integer/google_play_services_version" />
99-->[com.google.android.gms:play-services-basement:16.1.0] AndroidManifest.xml:25:13-66
100    </application>
101
102</manifest>